2020-10-07 13:36:51,291 [Client thread] INFO  marytts.main Mary starting up...
2020-10-07 13:36:51,294 [Client thread] INFO  marytts.main Specification version 5.2
2020-10-07 13:36:51,294 [Client thread] INFO  marytts.main Implementation version unknown
2020-10-07 13:36:51,294 [Client thread] INFO  marytts.main Running on a Java 1.8.0_211 implementation by Oracle Corporation, on a Windows 10 platform (amd64, 10.0)
2020-10-07 13:36:51,489 [Client thread] INFO  marytts.ModuleRegistry Now initiating mary module 'marytts.language.en.JTokeniser'
2020-10-07 13:36:51,492 [Client thread] INFO  marytts.ModuleRegistry Now initiating mary module 'marytts.language.en.Preprocess'
2020-10-07 13:36:51,642 [Client thread] INFO  marytts.ModuleRegistry Now initiating mary module 'marytts.modules.JPhonemiser(en_US.)'
2020-10-07 13:36:51,646 [Client thread] INFO  marytts.JPhonemiser User dictionary '.\user-dictionaries\userdict-en_US.txt' for locale 'en_US' does not exist. Ignoring.
2020-10-07 13:36:51,683 [Client thread] INFO  marytts.ModuleRegistry Now initiating mary module 'marytts.modules.JPhonemiser(en_GB.)'
2020-10-07 13:36:51,684 [Client thread] INFO  marytts.JPhonemiser User dictionary '.\user-dictionaries\userdict-en_GB.txt' for locale 'en_GB' does not exist. Ignoring.
2020-10-07 13:36:51,704 [Client thread] INFO  marytts.ModuleRegistry Now initiating mary module 'marytts.language.en.Prosody'
2020-10-07 13:36:51,709 [Client thread] INFO  marytts.ModuleRegistry Now initiating mary module 'marytts.modules.SimplePhoneme2AP(en_US)'
2020-10-07 13:36:51,710 [Client thread] INFO  marytts.ModuleRegistry Now initiating mary module 'marytts.language.en.PronunciationModel'
2020-10-07 13:36:51,712 [Client thread] INFO  marytts.ModuleRegistry Now initiating mary module 'marytts.modules.OpenNLPPosTagger(en,en.pos)'
2020-10-07 13:36:51,713 [Client thread] INFO  marytts.ModuleRegistry Now initiating mary module 'marytts.modules.Synthesis'
2020-10-07 13:36:51,714 [Client thread] INFO  marytts.ModuleRegistry Now initiating mary module 'marytts.modules.TextToMaryXML'
2020-10-07 13:36:51,715 [Client thread] INFO  marytts.ModuleRegistry Now initiating mary module 'marytts.modules.SableParser'
2020-10-07 13:36:51,715 [Client thread] INFO  marytts.ModuleRegistry Now initiating mary module 'marytts.modules.SSMLParser'
2020-10-07 13:36:51,716 [Client thread] INFO  marytts.ModuleRegistry Now initiating mary module 'marytts.modules.APMLParser'
2020-10-07 13:36:51,716 [Client thread] INFO  marytts.ModuleRegistry Now initiating mary module 'marytts.modules.EmotionmlParser'
2020-10-07 13:36:51,717 [Client thread] INFO  marytts.ModuleRegistry Now initiating mary module 'marytts.modules.JTokeniser'
2020-10-07 13:36:51,717 [Client thread] INFO  marytts.ModuleRegistry Now initiating mary module 'marytts.modules.DummyTokens2Words'
2020-10-07 13:36:51,717 [Client thread] INFO  marytts.ModuleRegistry Now initiating mary module 'marytts.modules.ProsodyGeneric'
2020-10-07 13:36:51,717 [Client thread] INFO  marytts.ModuleRegistry Now initiating mary module 'marytts.modules.PronunciationModel'
2020-10-07 13:36:51,717 [Client thread] INFO  marytts.ModuleRegistry Now initiating mary module 'marytts.modules.TargetFeatureLister'
2020-10-07 13:36:51,718 [Client thread] INFO  marytts.ModuleRegistry Now initiating mary module 'marytts.modules.HalfPhoneTargetFeatureLister'
2020-10-07 13:36:51,718 [Client thread] INFO  marytts.ModuleRegistry Now initiating mary module 'marytts.modules.AcousticModeller'
2020-10-07 13:36:51,719 [Client thread] INFO  marytts.ModuleRegistry Now initiating mary module 'marytts.modules.RealisedAcoustparamsExtractor'
2020-10-07 13:36:51,719 [Client thread] INFO  marytts.ModuleRegistry Now initiating mary module 'marytts.modules.RealisedDurationsExtractor'
2020-10-07 13:36:51,720 [Client thread] INFO  marytts.ModuleRegistry Now initiating mary module 'marytts.modules.HTSEngine'
2020-10-07 13:36:51,721 [Client thread] INFO  marytts.ModuleRegistry Now initiating mary module 'marytts.modules.PraatTextGridGenerator'
2020-10-07 13:36:51,723 [Client thread] INFO  marytts.JTokeniser Module started (RAWMARYXML->TOKENS, locale en).
2020-10-07 13:36:51,747 [Client thread] INFO  marytts.JTokeniser Starting power-on self test.
2020-10-07 13:36:51,750 [Client thread] INFO  marytts.JTokeniser Power-on self test complete.
2020-10-07 13:36:51,750 [Client thread] INFO  marytts.Preprocess Module started (TOKENS->WORDS, locale en).
2020-10-07 13:36:51,750 [Client thread] INFO  marytts.Preprocess Starting power-on self test.
2020-10-07 13:36:51,750 [Client thread] INFO  marytts.Preprocess Power-on self test complete.
2020-10-07 13:36:51,750 [Client thread] INFO  marytts.JPhonemiser Module started (PARTSOFSPEECH->PHONEMES, locale en_US).
2020-10-07 13:36:51,750 [Client thread] INFO  marytts.JPhonemiser Starting power-on self test.
2020-10-07 13:36:51,750 [Client thread] INFO  marytts.JPhonemiser Power-on self test complete.
2020-10-07 13:36:51,750 [Client thread] INFO  marytts.JPhonemiser Module started (PARTSOFSPEECH->PHONEMES, locale en_GB).
2020-10-07 13:36:51,750 [Client thread] INFO  marytts.JPhonemiser Starting power-on self test.
2020-10-07 13:36:51,750 [Client thread] INFO  marytts.JPhonemiser Power-on self test complete.
2020-10-07 13:36:51,759 [Client thread] INFO  marytts.Prosody Module started (PHONEMES->INTONATION, locale en).
2020-10-07 13:36:51,759 [Client thread] INFO  marytts.Prosody Starting power-on self test.
2020-10-07 13:36:51,760 [Client thread] INFO  marytts.Prosody Power-on self test complete.
2020-10-07 13:36:51,761 [Client thread] INFO  marytts.SimplePhoneme2AP Module started (SIMPLEPHONEMES->ACOUSTPARAMS, locale en_US).
2020-10-07 13:36:51,761 [Client thread] INFO  marytts.SimplePhoneme2AP Starting power-on self test.
2020-10-07 13:36:51,763 [Client thread] INFO  marytts.SimplePhoneme2AP Power-on self test complete.
2020-10-07 13:36:51,763 [Client thread] INFO  marytts.PronunciationModel Module started (INTONATION->ALLOPHONES, locale en).
2020-10-07 13:36:51,764 [Client thread] INFO  marytts.PronunciationModel Starting power-on self test.
2020-10-07 13:36:51,764 [Client thread] INFO  marytts.PronunciationModel Power-on self test complete.
2020-10-07 13:36:51,764 [Client thread] INFO  marytts.OpenNLPPosTagger Module started (WORDS->PARTSOFSPEECH, locale en).
2020-10-07 13:36:52,195 [Client thread] INFO  marytts.OpenNLPPosTagger Starting power-on self test.
2020-10-07 13:36:52,195 [Client thread] INFO  marytts.OpenNLPPosTagger Power-on self test complete.
2020-10-07 13:36:52,197 [Client thread] INFO  marytts.UnitSelectionSynthesizer started.
2020-10-07 13:36:52,198 [Client thread] INFO  marytts.TargetFeatureLister Module started (ACOUSTPARAMS->TARGETFEATURES, locale null).
2020-10-07 13:36:52,199 [Client thread] INFO  marytts.HTSEngine Module started (TARGETFEATURES->AUDIO, locale null).
2020-10-07 13:36:52,212 [Client thread] INFO  marytts.HMMData Loading Tree Set in CARTs:
2020-10-07 13:36:52,267 [Client thread] INFO  marytts.HMMData Loading GV Model Set:
2020-10-07 13:36:52,336 [Client thread] INFO  marytts.Voice Registering voice `dfki-spike-hsmm': male, locale en_GB
2020-10-07 13:36:52,336 [Client thread] INFO  marytts.Voice New default voice for locale en_GB: dfki-spike-hsmm (desire 0)
2020-10-07 13:36:52,336 [Client thread] INFO  marytts.HMMSynthesizer started.
2020-10-07 13:36:52,336 [Client thread] INFO  marytts.Synthesis Module started (ACOUSTPARAMS->AUDIO, locale null).
2020-10-07 13:36:52,336 [Client thread] INFO  marytts.HMMSynthesizer Starting power-on self test.
2020-10-07 13:36:52,336 [Client thread] INFO  marytts.HMMSynthesizer Power-on self test complete.
2020-10-07 13:36:52,337 [Client thread] INFO  marytts.TextToMaryXML Module started (TEXT->RAWMARYXML, locale null).
2020-10-07 13:36:52,337 [Client thread] INFO  marytts.TextToMaryXML Starting power-on self test.
2020-10-07 13:36:52,338 [Client thread] WARN  marytts.TextToMaryXML Locale is null, overriding with 
2020-10-07 13:36:52,338 [Client thread] WARN  marytts.TextToMaryXML Locale is null, overriding with 
2020-10-07 13:36:52,338 [Client thread] INFO  marytts.TextToMaryXML Power-on self test complete.
2020-10-07 13:36:52,534 [Client thread] INFO  marytts.SableParser Module started (SABLE->RAWMARYXML, locale null).
2020-10-07 13:36:52,534 [Client thread] INFO  marytts.SableParser Starting power-on self test.
2020-10-07 13:36:52,534 [Client thread] INFO  marytts.SableParser Power-on self test complete.
2020-10-07 13:36:52,559 [Client thread] INFO  marytts.SSMLParser Module started (SSML->RAWMARYXML, locale null).
2020-10-07 13:36:52,559 [Client thread] INFO  marytts.SSMLParser Starting power-on self test.
2020-10-07 13:36:52,559 [Client thread] INFO  marytts.SSMLParser Power-on self test complete.
2020-10-07 13:36:52,584 [Client thread] INFO  marytts.APMLParser Module started (APML->RAWMARYXML, locale null).
2020-10-07 13:36:52,584 [Client thread] INFO  marytts.APMLParser Starting power-on self test.
2020-10-07 13:36:52,584 [Client thread] INFO  marytts.APMLParser Power-on self test complete.
2020-10-07 13:36:52,608 [Client thread] INFO  marytts.EmotionmlParser Module started (EMOTIONML->RAWMARYXML, locale null).
2020-10-07 13:36:52,609 [Client thread] INFO  marytts.EmotionmlParser Starting power-on self test.
2020-10-07 13:36:52,609 [Client thread] INFO  marytts.EmotionmlParser Power-on self test complete.
2020-10-07 13:36:52,609 [Client thread] INFO  marytts.JTokeniser Module started (RAWMARYXML->TOKENS, locale null).
2020-10-07 13:36:52,618 [Client thread] INFO  marytts.JTokeniser Starting power-on self test.
2020-10-07 13:36:52,619 [Client thread] INFO  marytts.JTokeniser Power-on self test complete.
2020-10-07 13:36:52,619 [Client thread] INFO  marytts.DummyTokens2Words Module started (TOKENS->WORDS, locale null).
2020-10-07 13:36:52,619 [Client thread] INFO  marytts.DummyTokens2Words Starting power-on self test.
2020-10-07 13:36:52,619 [Client thread] INFO  marytts.DummyTokens2Words Power-on self test complete.
2020-10-07 13:36:52,622 [Client thread] INFO  marytts.Prosody Module started (PHONEMES->INTONATION, locale null).
2020-10-07 13:36:52,622 [Client thread] INFO  marytts.Prosody Starting power-on self test.
2020-10-07 13:36:52,622 [Client thread] INFO  marytts.Prosody Power-on self test complete.
2020-10-07 13:36:52,622 [Client thread] INFO  marytts.PronunciationModel Module started (INTONATION->ALLOPHONES, locale null).
2020-10-07 13:36:52,622 [Client thread] INFO  marytts.PronunciationModel Starting power-on self test.
2020-10-07 13:36:52,622 [Client thread] INFO  marytts.PronunciationModel Power-on self test complete.
2020-10-07 13:36:52,622 [Client thread] INFO  marytts.TargetFeatureLister Starting power-on self test.
2020-10-07 13:36:52,622 [Client thread] INFO  marytts.TargetFeatureLister Power-on self test complete.
2020-10-07 13:36:52,622 [Client thread] INFO  marytts.TargetFeatureLister Module started (ACOUSTPARAMS->HALFPHONE_TARGETFEATURES, locale null).
2020-10-07 13:36:52,622 [Client thread] INFO  marytts.TargetFeatureLister Starting power-on self test.
2020-10-07 13:36:52,622 [Client thread] INFO  marytts.TargetFeatureLister Power-on self test complete.
2020-10-07 13:36:52,622 [Client thread] INFO  marytts.AcousticModeller Module started (ALLOPHONES->ACOUSTPARAMS, locale null).
2020-10-07 13:36:52,622 [Client thread] INFO  marytts.AcousticModeller Starting power-on self test.
2020-10-07 13:36:52,622 [Client thread] INFO  marytts.AcousticModeller Power-on self test complete.
2020-10-07 13:36:52,623 [Client thread] INFO  marytts.Realised acoustparams extractor Module started (AUDIO->REALISED_ACOUSTPARAMS, locale null).
2020-10-07 13:36:52,623 [Client thread] INFO  marytts.Realised acoustparams extractor Starting power-on self test.
2020-10-07 13:36:52,623 [Client thread] INFO  marytts.Realised acoustparams extractor Power-on self test complete.
2020-10-07 13:36:52,623 [Client thread] INFO  marytts.Realised durations extractor Module started (AUDIO->REALISED_DURATIONS, locale null).
2020-10-07 13:36:52,623 [Client thread] INFO  marytts.Realised durations extractor Starting power-on self test.
2020-10-07 13:36:52,623 [Client thread] INFO  marytts.Realised durations extractor Power-on self test complete.
2020-10-07 13:36:52,623 [Client thread] INFO  marytts.Praat TextGrid generator Module started (REALISED_ACOUSTPARAMS->PRAAT_TEXTGRID, locale null).
2020-10-07 13:36:52,623 [Client thread] INFO  marytts.Praat TextGrid generator Starting power-on self test.
2020-10-07 13:36:52,623 [Client thread] INFO  marytts.Praat TextGrid generator Power-on self test complete.
2020-10-07 13:36:52,623 [Client thread] INFO  marytts.main Startup complete.
2020-10-07 13:46:19,663 [Thread-14] INFO  marytts.main Shutting down modules...
2020-10-07 13:46:19,666 [Thread-14] INFO  marytts.JTokeniser Module shut down.
2020-10-07 13:46:19,666 [Thread-14] INFO  marytts.Preprocess Module shut down.
2020-10-07 13:46:19,666 [Thread-14] INFO  marytts.JPhonemiser Module shut down.
2020-10-07 13:46:19,667 [Thread-14] INFO  marytts.JPhonemiser Module shut down.
2020-10-07 13:46:19,667 [Thread-14] INFO  marytts.Prosody Module shut down.
2020-10-07 13:46:19,667 [Thread-14] INFO  marytts.SimplePhoneme2AP Module shut down.
2020-10-07 13:46:19,667 [Thread-14] INFO  marytts.PronunciationModel Module shut down.
2020-10-07 13:46:19,667 [Thread-14] INFO  marytts.OpenNLPPosTagger Module shut down.
2020-10-07 13:46:19,668 [Thread-14] INFO  marytts.Synthesis Module shut down.
2020-10-07 13:46:19,668 [Thread-14] INFO  marytts.TextToMaryXML Module shut down.
2020-10-07 13:46:19,668 [Thread-14] INFO  marytts.SableParser Module shut down.
2020-10-07 13:46:19,668 [Thread-14] INFO  marytts.SSMLParser Module shut down.
2020-10-07 13:46:19,669 [Thread-14] INFO  marytts.APMLParser Module shut down.
2020-10-07 13:46:19,669 [Thread-14] INFO  marytts.EmotionmlParser Module shut down.
2020-10-07 13:46:19,669 [Thread-14] INFO  marytts.JTokeniser Module shut down.
2020-10-07 13:46:19,669 [Thread-14] INFO  marytts.DummyTokens2Words Module shut down.
2020-10-07 13:46:19,669 [Thread-14] INFO  marytts.Prosody Module shut down.
2020-10-07 13:46:19,669 [Thread-14] INFO  marytts.PronunciationModel Module shut down.
2020-10-07 13:46:19,669 [Thread-14] INFO  marytts.TargetFeatureLister Module shut down.
2020-10-07 13:46:19,669 [Thread-14] INFO  marytts.TargetFeatureLister Module shut down.
2020-10-07 13:46:19,669 [Thread-14] INFO  marytts.AcousticModeller Module shut down.
2020-10-07 13:46:19,669 [Thread-14] INFO  marytts.Realised acoustparams extractor Module shut down.
2020-10-07 13:46:19,670 [Thread-14] INFO  marytts.Realised durations extractor Module shut down.
2020-10-07 13:46:19,670 [Thread-14] INFO  marytts.HTSEngine Module shut down.
2020-10-07 13:46:19,670 [Thread-14] INFO  marytts.Praat TextGrid generator Module shut down.
2020-10-07 13:46:19,672 [Thread-14] INFO  marytts.main Shutdown complete.
